<?xml version="1.0" encoding="UTF-8" ?>
<testsuites>
  <testsuite errors="0" failures="1" hostname="MF3" id="0" name="PolynomialTest" package="" skipped="0" tests="6" time="0.047" timestamp="2015-05-07T14:02:28">
      <properties>
[...]
</properties>

      <testcase classname="PolynomialTest" name="testSum" time="0.0" />

      <testcase classname="PolynomialTest" name="testSubtract" time="0.0" />

      <testcase classname="PolynomialTest" name="testCoefficients" time="0.0" />

      <testcase classname="PolynomialTest" name="testDegree" time="0.0" />

      <testcase classname="PolynomialTest" name="testDivide" time="0.0">
          <failure message="array lengths differed, expected.length=3 actual.length=4" type="junit.framework.AssertionFailedError">junit.framework.AssertionFailedError: array lengths differed, expected.length=3 actual.length=4
	at PolynomialTest.testDivide(PolynomialTest.java:58)
</failure>

      </testcase>

      <testcase classname="PolynomialTest" name="testMultiply" time="0.0" />

      <system-out><![CDATA[]]></system-out>

      <system-err><![CDATA[]]></system-err>

  </testsuite>
</testsuites>
